<?xml version="1.0" encoding="UTF-8"?>
<!-- Generated by org.testng.reporters.JUnitXMLReporter -->
<testsuite ignored="0" hostname="LP003352" failures="0" tests="3" name="Default test" time="5.711" errors="0" timestamp="2023-11-25T15:46:45 IST">
  <testcase classname="Day7.Authentication" name="basicAuthentication" time="3.116"/>
  <testcase classname="Day7.Authentication" name="DigestAuthentication" time="1.404"/>
  <testcase classname="Day7.Authentication" name="PreemitiveAuthentication" time="1.159"/>
</testsuite> <!-- Default test -->
